2018-11-10 18:53:14,573:INFO: Creating the datasets...
2018-11-10 18:56:15,891:INFO: Creating the datasets...
2018-11-10 18:57:03,070:INFO: Creating the datasets...
2018-11-10 18:58:05,792:INFO: Creating the datasets...
2018-11-10 19:16:36,287:INFO: Creating the datasets...
2018-11-10 19:16:49,640:INFO: Creating the model...
2018-11-10 19:18:17,428:INFO: Creating the datasets...
2018-11-10 19:18:27,961:INFO: Creating the model...
2018-11-10 19:19:11,218:INFO: Creating the datasets...
2018-11-10 19:19:12,434:INFO: Creating the model...
2018-11-10 19:19:27,686:INFO: Creating the datasets...
2018-11-10 19:19:29,353:INFO: Creating the model...
2018-11-10 19:20:24,934:INFO: Creating the datasets...
2018-11-10 19:20:26,505:INFO: Creating the model...
2018-11-10 19:21:06,887:INFO: Creating the datasets...
2018-11-10 19:21:08,679:INFO: Creating the model...
2018-11-10 19:27:03,924:INFO: Creating the datasets...
2018-11-10 20:40:33,035:INFO: Creating the datasets...
2018-11-10 20:41:15,243:INFO: Creating the datasets...
2018-11-10 20:41:46,543:INFO: Creating the datasets...
2018-11-10 20:44:22,124:INFO: Creating the datasets...
2018-11-10 20:53:41,760:INFO: Creating the datasets...
2018-11-10 20:55:33,062:INFO: Creating the datasets...
2018-11-10 20:57:43,263:INFO: Creating the datasets...
2018-11-10 20:58:45,857:INFO: Creating the datasets...
2018-11-10 21:10:01,753:INFO: Creating the datasets...
2018-11-10 21:10:34,884:INFO: Creating the model...
2018-11-10 21:12:53,845:INFO: Creating the datasets...
2018-11-10 21:14:42,698:INFO: Creating the datasets...
2018-11-10 21:18:56,542:INFO: Creating the datasets...
2018-11-10 21:19:58,605:INFO: Creating the datasets...
2018-11-10 21:24:07,829:INFO: Creating the datasets...
2018-11-10 21:25:05,573:INFO: Creating the datasets...
2018-11-10 21:25:51,051:INFO: Creating the model...
2018-11-10 21:27:56,584:INFO: Creating the datasets...
2018-11-10 21:27:56,686:INFO: Creating the model...
2018-11-10 21:29:38,564:INFO: Creating the datasets...
2018-11-10 21:29:43,267:INFO: Creating the model...
2018-11-10 21:31:23,981:INFO: Creating the datasets...
2018-11-10 21:31:24,085:INFO: Creating the model...
2018-11-13 01:01:22,179:INFO: Creating the datasets...
2018-11-13 01:01:22,453:INFO: Creating the model...
2018-11-13 01:05:47,926:INFO: Creating the datasets...
2018-11-13 01:05:48,286:INFO: Creating the model...
2018-11-13 01:12:51,083:INFO: Creating the datasets...
2018-11-13 01:12:51,322:INFO: Creating the model...
2018-11-13 01:12:53,556:INFO: Starting training for 10 epoch(s)
2018-11-13 01:12:55,479:INFO: Epoch 1/10
2018-11-13 01:19:01,477:INFO: Creating the datasets...
2018-11-13 01:19:01,759:INFO: Creating the model...
2018-11-13 01:19:04,097:INFO: Starting training for 10 epoch(s)
2018-11-13 01:19:05,887:INFO: Epoch 1/10
2018-11-13 01:19:12,846:INFO: - Train metrics: accuracy: 0.744 ; loss: 0.860
2018-11-13 01:19:14,422:INFO: - Eval metrics: accuracy: 0.983 ; loss: 0.623
2018-11-13 01:19:15,154:INFO: - Found new best accuracy, saving in experiments/base_model/best_weights/after-epoch-1
2018-11-13 01:19:15,156:INFO: Epoch 2/10
2018-11-13 01:19:20,186:INFO: - Train metrics: accuracy: 0.877 ; loss: 0.667
2018-11-13 01:19:20,688:INFO: - Eval metrics: accuracy: 0.987 ; loss: 0.584
2018-11-13 01:19:21,039:INFO: - Found new best accuracy, saving in experiments/base_model/best_weights/after-epoch-2
2018-11-13 01:19:21,040:INFO: Epoch 3/10
2018-11-13 01:19:26,823:INFO: - Train metrics: accuracy: 0.921 ; loss: 0.619
2018-11-13 01:19:27,359:INFO: - Eval metrics: accuracy: 0.981 ; loss: 0.583
2018-11-13 01:19:27,361:INFO: Epoch 4/10
2018-11-13 01:19:33,988:INFO: - Train metrics: accuracy: 0.930 ; loss: 0.606
2018-11-13 01:19:34,577:INFO: - Eval metrics: accuracy: 0.983 ; loss: 0.580
2018-11-13 01:19:34,579:INFO: Epoch 5/10
2018-11-13 01:19:40,383:INFO: - Train metrics: accuracy: 0.941 ; loss: 0.598
2018-11-13 01:19:41,063:INFO: - Eval metrics: accuracy: 0.985 ; loss: 0.579
2018-11-13 01:19:41,065:INFO: Epoch 6/10
2018-11-13 01:19:47,493:INFO: - Train metrics: accuracy: 0.946 ; loss: 0.594
2018-11-13 01:19:48,022:INFO: - Eval metrics: accuracy: 0.979 ; loss: 0.581
2018-11-13 01:19:48,023:INFO: Epoch 7/10
2018-11-13 01:19:54,207:INFO: - Train metrics: accuracy: 0.986 ; loss: 0.567
2018-11-13 01:19:54,799:INFO: - Eval metrics: accuracy: 0.979 ; loss: 0.581
2018-11-13 01:19:54,801:INFO: Epoch 8/10
2018-11-13 01:20:01,691:INFO: - Train metrics: accuracy: 1.000 ; loss: 0.553
2018-11-13 01:20:02,232:INFO: - Eval metrics: accuracy: 0.979 ; loss: 0.580
2018-11-13 01:20:02,234:INFO: Epoch 9/10
2018-11-13 01:20:07,851:INFO: - Train metrics: accuracy: 1.000 ; loss: 0.552
2018-11-13 01:20:08,365:INFO: - Eval metrics: accuracy: 0.979 ; loss: 0.579
2018-11-13 01:20:08,366:INFO: Epoch 10/10
2018-11-13 01:20:13,799:INFO: - Train metrics: accuracy: 1.000 ; loss: 0.552
2018-11-13 01:20:14,313:INFO: - Eval metrics: accuracy: 0.979 ; loss: 0.579
